\BOOKMARK [1][-]{section.1}{\376\377\000D\000e\000s\000c\000r\000i\000p\000t\000i\000o\000n\000\040\000g\000\351\000n\000\351\000r\000a\000l\000e}{}% 1
\BOOKMARK [1][-]{section.2}{\376\377\000D\000e\000s\000c\000r\000i\000p\000t\000i\000o\000n\000\040\000d\000e\000s\000\040\000r\000e\000l\000a\000t\000i\000o\000n\000s}{}% 2
\BOOKMARK [2][-]{subsection.2.1}{\376\377\000L\000i\000e\000u}{section.2}% 3
\BOOKMARK [2][-]{subsection.2.2}{\376\377\000S\000a\000l\000l\000e}{section.2}% 4
\BOOKMARK [2][-]{subsection.2.3}{\376\377\000S\000\351\000a\000n\000c\000e}{section.2}% 5
\BOOKMARK [2][-]{subsection.2.4}{\376\377\000F\000i\000l\000m}{section.2}% 6
\BOOKMARK [2][-]{subsection.2.5}{\376\377\000G\000e\000n\000r\000e}{section.2}% 7
\BOOKMARK [2][-]{subsection.2.6}{\376\377\000F\000i\000l\000m\000G\000e\000n\000r\000e}{section.2}% 8
\BOOKMARK [1][-]{section.3}{\376\377\000D\000i\000a\000g\000r\000a\000m\000m\000e\000\040\000d\000e\000s\000\040\000c\000a\000s\000\040\000d\000'\000u\000t\000i\000l\000i\000s\000a\000t\000i\000o\000n\000s}{}% 9
\BOOKMARK [1][-]{section.4}{\376\377\000D\000i\000a\000g\000r\000a\000m\000m\000e\000\040\000d\000e\000s\000\040\000c\000l\000a\000s\000s\000e\000s}{}% 10
\BOOKMARK [1][-]{section.5}{\376\377\000L\000i\000s\000t\000e\000\040\000d\000e\000s\000\040\000a\000t\000t\000r\000i\000b\000u\000t\000s}{}% 11
\BOOKMARK [1][-]{section.6}{\376\377\000S\000c\000h\000\351\000m\000a\000s\000\040\000d\000e\000s\000\040\000r\000e\000l\000a\000t\000i\000o\000n\000s}{}% 12
\BOOKMARK [1][-]{section.7}{\376\377\000J\000u\000s\000t\000i\000f\000i\000c\000a\000t\000i\000o\000n\000s\000\040\0003\000F\000N}{}% 13
\BOOKMARK [2][-]{subsection.7.1}{\376\377\000L\000i\000e\000u}{section.7}% 14
\BOOKMARK [2][-]{subsection.7.2}{\376\377\000S\000a\000l\000l\000e}{section.7}% 15
\BOOKMARK [2][-]{subsection.7.3}{\376\377\000S\000\351\000a\000n\000c\000e}{section.7}% 16
\BOOKMARK [2][-]{subsection.7.4}{\376\377\000F\000i\000l\000m}{section.7}% 17
\BOOKMARK [2][-]{subsection.7.5}{\376\377\000G\000e\000n\000r\000e}{section.7}% 18
\BOOKMARK [2][-]{subsection.7.6}{\376\377\000F\000i\000l\000m\000G\000e\000n\000r\000e}{section.7}% 19
\BOOKMARK [1][-]{section.8}{\376\377\000R\000e\000q\000u\000\352\000t\000e\000s\000\040\000S\000Q\000L}{}% 20
\BOOKMARK [1][-]{section.9}{\376\377\000C\000o\000n\000c\000l\000u\000s\000i\000o\000n\000s}{}% 21
\BOOKMARK [2][-]{subsection.9.1}{\376\377\000R\000e\000m\000a\000r\000q\000u\000e\000s\000\040\000s\000u\000r\000\040\000l\000e\000s\000\040\000a\000c\000t\000e\000u\000r\000s\000,\000\040\000r\000\351\000a\000l\000i\000s\000a\000t\000e\000u\000r\000s\000,\000\040\000p\000a\000y\000s\000.\000.\000.}{section.9}% 22
